Started GET "/" for ::1 at 2020-05-22 18:13:23 +0200
  [1m[35m (0.8ms)[0m  [1m[34mSELECT sqlite_version(*)[0m
Processing by Rails::WelcomeController#index as HTML
  Rendering /home/elie/.rbenv/versions/2.7.1/lib/ruby/gems/2.7.0/gems/railties-6.0.3.1/lib/rails/templates/rails/welcome/index.html.erb
  Rendered /home/elie/.rbenv/versions/2.7.1/lib/ruby/gems/2.7.0/gems/railties-6.0.3.1/lib/rails/templates/rails/welcome/index.html.erb (Duration: 5.3ms | Allocations: 406)
Completed 200 OK in 21ms (Views: 8.3ms | ActiveRecord: 0.0ms | Allocations: 2444)


Started GET "/" for ::1 at 2020-05-22 18:17:08 +0200
  [1m[35m (0.3ms)[0m  [1m[34mSELECT sqlite_version(*)[0m
Processing by PagesController#index as HTML
  Rendering pages/index.html.erb within layouts/application
  Rendered pages/index.html.erb within layouts/application (Duration: 0.4ms | Allocations: 184)
[Webpacker] Compiling...
[Webpacker] Compiled all packs in /home/elie/Documents/Rails/minute/public/packs
[Webpacker] Hash: 15d1bb7b54cf6326b9ba
Version: webpack 4.43.0
Time: 2039ms
Built at: 05/22/2020 6:17:12 PM
                                     Asset       Size       Chunks                         Chunk Names
    js/application-9afcbb5693aa87623e69.js    124 KiB  application  [emitted] [immutable]  application
js/application-9afcbb5693aa87623e69.js.map    139 KiB  application  [emitted] [dev]        application
                             manifest.json  364 bytes               [emitted]              
Entrypoint application = js/application-9afcbb5693aa87623e69.js js/application-9afcbb5693aa87623e69.js.map
[./app/javascript/channels sync recursive _channel\.js$] ./app/javascript/channels sync _channel\.js$ 160 bytes {application} [built]
[./app/javascript/channels/index.js] 211 bytes {application} [built]
[./app/javascript/packs/application.js] 749 bytes {application} [built]
[./node_modules/webpack/buildin/module.js] (webpack)/buildin/module.js 552 bytes {application} [built]
    + 3 hidden modules

Completed 200 OK in 3277ms (Views: 3273.6ms | ActiveRecord: 0.0ms | Allocations: 18420)


Started GET "/" for ::1 at 2020-05-22 18:17:32 +0200
  [1m[35m (0.1ms)[0m  [1m[34mSELECT sqlite_version(*)[0m
Processing by PagesController#index as HTML
  Rendering pages/index.html.erb within layouts/application
  Rendered pages/index.html.erb within layouts/application (Duration: 0.0ms | Allocations: 5)
[Webpacker] Everything's up-to-date. Nothing to do
Completed 200 OK in 4ms (Views: 3.8ms | ActiveRecord: 0.0ms | Allocations: 3565)


Started GET "/" for ::1 at 2020-05-22 18:20:50 +0200
Processing by PagesController#index as HTML
  Rendering pages/index.html.erb within layouts/application
  Rendered pages/index.html.erb within layouts/application (Duration: 0.0ms | Allocations: 5)
[Webpacker] Everything's up-to-date. Nothing to do
Completed 200 OK in 13ms (Views: 12.6ms | ActiveRecord: 0.0ms | Allocations: 10161)


Started GET "/" for ::1 at 2020-05-22 18:21:39 +0200
Processing by PagesController#index as HTML
  Rendering pages/index.html.erb within layouts/application
  Rendered pages/index.html.erb within layouts/application (Duration: 0.0ms | Allocations: 5)
[Webpacker] Everything's up-to-date. Nothing to do
Completed 200 OK in 21ms (Views: 20.9ms | ActiveRecord: 0.0ms | Allocations: 10659)


Started GET "/" for ::1 at 2020-05-22 18:21:40 +0200
Processing by PagesController#index as HTML
  Rendering pages/index.html.erb within layouts/application
  Rendered pages/index.html.erb within layouts/application (Duration: 0.0ms | Allocations: 4)
[Webpacker] Everything's up-to-date. Nothing to do
Completed 200 OK in 4ms (Views: 3.1ms | ActiveRecord: 0.0ms | Allocations: 3435)


Started GET "/" for ::1 at 2020-05-22 18:22:52 +0200
Processing by PagesController#index as HTML
  Rendering pages/index.html.erb within layouts/application
  Rendered pages/index.html.erb within layouts/application (Duration: 0.0ms | Allocations: 4)
[Webpacker] Everything's up-to-date. Nothing to do
Completed 200 OK in 33ms (Views: 32.6ms | ActiveRecord: 0.0ms | Allocations: 12044)


Started GET "/" for ::1 at 2020-05-22 18:25:08 +0200
Processing by PagesController#index as HTML
  Rendering pages/index.html.erb within layouts/application
  Rendered pages/index.html.erb within layouts/application (Duration: 0.0ms | Allocations: 5)
[Webpacker] Everything's up-to-date. Nothing to do
Completed 200 OK in 16ms (Views: 15.8ms | ActiveRecord: 0.0ms | Allocations: 13754)


Started GET "/" for ::1 at 2020-05-22 18:25:14 +0200
Processing by PagesController#index as HTML
  Rendering pages/index.html.erb within layouts/application
  Rendered pages/index.html.erb within layouts/application (Duration: 0.0ms | Allocations: 4)
[Webpacker] Everything's up-to-date. Nothing to do
Completed 200 OK in 22ms (Views: 21.9ms | ActiveRecord: 0.0ms | Allocations: 13999)


Started GET "/" for ::1 at 2020-05-22 18:26:56 +0200
Processing by PagesController#index as HTML
  Rendering pages/index.html.erb within layouts/application
  Rendered pages/index.html.erb within layouts/application (Duration: 0.0ms | Allocations: 4)
[Webpacker] Everything's up-to-date. Nothing to do
Completed 200 OK in 32ms (Views: 31.1ms | ActiveRecord: 0.0ms | Allocations: 13935)


Started GET "/" for ::1 at 2020-05-22 18:35:31 +0200
  [1m[35m (0.1ms)[0m  [1m[34mSELECT sqlite_version(*)[0m
Processing by PagesController#index as HTML
  Rendering pages/index.html.erb within layouts/application
  Rendered pages/index.html.erb within layouts/application (Duration: 0.3ms | Allocations: 76)
[Webpacker] Everything's up-to-date. Nothing to do
  Rendered layouts/_navbar.html.erb (Duration: 0.4ms | Allocations: 188)
Completed 200 OK in 7ms (Views: 6.0ms | ActiveRecord: 0.0ms | Allocations: 5137)


Started GET "/about" for ::1 at 2020-05-22 18:35:35 +0200
Processing by PagesController#about as HTML
  Rendering pages/about.html.erb within layouts/application
  Rendered pages/about.html.erb within layouts/application (Duration: 0.3ms | Allocations: 73)
[Webpacker] Everything's up-to-date. Nothing to do
  Rendered layouts/_navbar.html.erb (Duration: 0.1ms | Allocations: 61)
Completed 200 OK in 7ms (Views: 5.8ms | ActiveRecord: 0.0ms | Allocations: 4104)


Started GET "/" for ::1 at 2020-05-22 18:35:36 +0200
Processing by PagesController#index as HTML
  Rendering pages/index.html.erb within layouts/application
  Rendered pages/index.html.erb within layouts/application (Duration: 0.0ms | Allocations: 4)
[Webpacker] Everything's up-to-date. Nothing to do
  Rendered layouts/_navbar.html.erb (Duration: 0.1ms | Allocations: 55)
Completed 200 OK in 12ms (Views: 11.1ms | ActiveRecord: 0.0ms | Allocations: 3889)


Started GET "/about" for ::1 at 2020-05-22 18:35:37 +0200
Processing by PagesController#about as HTML
  Rendering pages/about.html.erb within layouts/application
  Rendered pages/about.html.erb within layouts/application (Duration: 0.0ms | Allocations: 4)
[Webpacker] Everything's up-to-date. Nothing to do
  Rendered layouts/_navbar.html.erb (Duration: 0.1ms | Allocations: 55)
Completed 200 OK in 5ms (Views: 4.5ms | ActiveRecord: 0.0ms | Allocations: 3894)


Started GET "/" for ::1 at 2020-05-22 18:35:37 +0200
Processing by PagesController#index as HTML
  Rendering pages/index.html.erb within layouts/application
  Rendered pages/index.html.erb within layouts/application (Duration: 0.1ms | Allocations: 4)
[Webpacker] Everything's up-to-date. Nothing to do
  Rendered layouts/_navbar.html.erb (Duration: 0.2ms | Allocations: 55)
Completed 200 OK in 5ms (Views: 4.9ms | ActiveRecord: 0.0ms | Allocations: 3895)


Started GET "/about" for ::1 at 2020-05-22 18:35:38 +0200
Processing by PagesController#about as HTML
  Rendering pages/about.html.erb within layouts/application
  Rendered pages/about.html.erb within layouts/application (Duration: 0.0ms | Allocations: 4)
[Webpacker] Everything's up-to-date. Nothing to do
  Rendered layouts/_navbar.html.erb (Duration: 0.1ms | Allocations: 55)
Completed 200 OK in 6ms (Views: 5.2ms | ActiveRecord: 0.0ms | Allocations: 3885)


Started GET "/" for ::1 at 2020-05-22 18:35:38 +0200
Processing by PagesController#index as HTML
  Rendering pages/index.html.erb within layouts/application
  Rendered pages/index.html.erb within layouts/application (Duration: 0.0ms | Allocations: 4)
[Webpacker] Everything's up-to-date. Nothing to do
  Rendered layouts/_navbar.html.erb (Duration: 0.1ms | Allocations: 55)
Completed 200 OK in 4ms (Views: 3.8ms | ActiveRecord: 0.0ms | Allocations: 3889)


Started GET "/" for ::1 at 2020-05-22 18:38:00 +0200
Processing by PagesController#index as HTML
  Rendering pages/index.html.erb within layouts/application
  Rendered pages/index.html.erb within layouts/application (Duration: 0.0ms | Allocations: 4)
[Webpacker] Everything's up-to-date. Nothing to do
  Rendered layouts/_navbar.html.erb (Duration: 0.2ms | Allocations: 55)
Completed 200 OK in 22ms (Views: 21.2ms | ActiveRecord: 0.0ms | Allocations: 14427)


Started GET "/" for ::1 at 2020-05-22 18:38:20 +0200
Processing by PagesController#index as HTML
  Rendering pages/index.html.erb within layouts/application
  Rendered pages/index.html.erb within layouts/application (Duration: 0.0ms | Allocations: 4)
[Webpacker] Everything's up-to-date. Nothing to do
  Rendered layouts/_navbar.html.erb (Duration: 0.2ms | Allocations: 55)
Completed 200 OK in 20ms (Views: 19.5ms | ActiveRecord: 0.0ms | Allocations: 14428)


Started GET "/" for ::1 at 2020-05-22 18:40:17 +0200
Processing by PagesController#index as HTML
  Rendering pages/index.html.erb within layouts/application
  Rendered pages/index.html.erb within layouts/application (Duration: 0.0ms | Allocations: 4)
[Webpacker] Everything's up-to-date. Nothing to do
  Rendered layouts/_navbar.html.erb (Duration: 0.1ms | Allocations: 55)
Completed 200 OK in 19ms (Views: 18.7ms | ActiveRecord: 0.0ms | Allocations: 14431)


Started GET "/about" for ::1 at 2020-05-22 18:40:41 +0200
Processing by PagesController#about as HTML
  Rendering pages/about.html.erb within layouts/application
  Rendered pages/about.html.erb within layouts/application (Duration: 0.0ms | Allocations: 4)
[Webpacker] Everything's up-to-date. Nothing to do
  Rendered layouts/_navbar.html.erb (Duration: 0.1ms | Allocations: 55)
Completed 200 OK in 4ms (Views: 3.7ms | ActiveRecord: 0.0ms | Allocations: 3944)


Started GET "/" for ::1 at 2020-05-22 18:40:42 +0200
Processing by PagesController#index as HTML
  Rendering pages/index.html.erb within layouts/application
  Rendered pages/index.html.erb within layouts/application (Duration: 0.0ms | Allocations: 4)
[Webpacker] Everything's up-to-date. Nothing to do
  Rendered layouts/_navbar.html.erb (Duration: 1.3ms | Allocations: 55)
Completed 200 OK in 6ms (Views: 5.6ms | ActiveRecord: 0.0ms | Allocations: 3930)


Started GET "/" for ::1 at 2020-05-22 18:44:12 +0200
Processing by PagesController#index as HTML
  Rendering pages/index.html.erb within layouts/application
  Rendered pages/index.html.erb within layouts/application (Duration: 0.0ms | Allocations: 4)
Completed 500 Internal Server Error in 24ms (ActiveRecord: 0.0ms | Allocations: 8903)


  
ActionView::Template::Error (Error: Undefined variable: "$primary-color".
        on line 5:23 of app/assets/stylesheets/layout/navbar.scss
>>     background-color: $primary-color;

   ----------------------^
):
     5:     <%= csrf_meta_tags %>
     6:     <%= csp_meta_tag %>
     7: 
     8:     <%= stylesheet_link_tag 'application', media: 'all', 'data-turbolinks-track': 'reload' %>
     9:     <%= javascript_pack_tag 'application', 'data-turbolinks-track': 'reload' %>
    10:   </head>
    11: 
  
app/assets/stylesheets/layout/navbar.scss:5
app/views/layouts/application.html.erb:8
Started GET "/" for ::1 at 2020-05-22 18:45:04 +0200
Processing by PagesController#index as HTML
  Rendering pages/index.html.erb within layouts/application
  Rendered pages/index.html.erb within layouts/application (Duration: 0.1ms | Allocations: 4)
Completed 500 Internal Server Error in 9ms (ActiveRecord: 0.0ms | Allocations: 6687)


  
ActionView::Template::Error (Error: Undefined variable: "$primary-color".
        on line 7:23 of app/assets/stylesheets/layout/navbar.scss
>>     background-color: $primary-color;

   ----------------------^
):
     5:     <%= csrf_meta_tags %>
     6:     <%= csp_meta_tag %>
     7: 
     8:     <%= stylesheet_link_tag 'application', media: 'all', 'data-turbolinks-track': 'reload' %>
     9:     <%= javascript_pack_tag 'application', 'data-turbolinks-track': 'reload' %>
    10:   </head>
    11: 
  
app/assets/stylesheets/layout/navbar.scss:7
app/views/layouts/application.html.erb:8
Started GET "/" for ::1 at 2020-05-22 18:47:25 +0200
Processing by PagesController#index as HTML
  Rendering pages/index.html.erb within layouts/application
  Rendered pages/index.html.erb within layouts/application (Duration: 0.0ms | Allocations: 4)
Completed 500 Internal Server Error in 15ms (ActiveRecord: 0.0ms | Allocations: 8231)


  
ActionView::Template::Error (Error: Undefined variable: "$primary-color".
        on line 7:23 of app/assets/stylesheets/layout/_navbar.scss
>>     background-color: $primary-color;

   ----------------------^
):
     5:     <%= csrf_meta_tags %>
     6:     <%= csp_meta_tag %>
     7: 
     8:     <%= stylesheet_link_tag 'application', media: 'all', 'data-turbolinks-track': 'reload' %>
     9:     <%= javascript_pack_tag 'application', 'data-turbolinks-track': 'reload' %>
    10:   </head>
    11: 
  
app/assets/stylesheets/layout/_navbar.scss:7
app/views/layouts/application.html.erb:8
Started GET "/" for ::1 at 2020-05-22 18:50:08 +0200
Processing by PagesController#index as HTML
  Rendering pages/index.html.erb within layouts/application
  Rendered pages/index.html.erb within layouts/application (Duration: 0.0ms | Allocations: 4)
[Webpacker] Everything's up-to-date. Nothing to do
  Rendered layouts/_navbar.html.erb (Duration: 0.2ms | Allocations: 55)
Completed 200 OK in 43ms (Views: 42.4ms | ActiveRecord: 0.0ms | Allocations: 17467)


Started GET "/" for ::1 at 2020-05-22 18:50:40 +0200
Processing by PagesController#index as HTML
  Rendering pages/index.html.erb within layouts/application
  Rendered pages/index.html.erb within layouts/application (Duration: 0.0ms | Allocations: 4)
Completed 500 Internal Server Error in 10ms (ActiveRecord: 0.0ms | Allocations: 5589)


  
ActionView::Template::Error (Error: Undefined variable: "$primary-color".
        on line 5:23 of app/assets/stylesheets/layout/_navbar.scss
>>     background-color: $primary-color;

   ----------------------^
):
     5:     <%= csrf_meta_tags %>
     6:     <%= csp_meta_tag %>
     7: 
     8:     <%= stylesheet_link_tag 'application', media: 'all', 'data-turbolinks-track': 'reload' %>
     9:     <%= javascript_pack_tag 'application', 'data-turbolinks-track': 'reload' %>
    10:   </head>
    11: 
  
app/assets/stylesheets/layout/_navbar.scss:5
app/views/layouts/application.html.erb:8
Started GET "/" for ::1 at 2020-05-22 18:53:15 +0200
Processing by PagesController#index as HTML
  Rendering pages/index.html.erb within layouts/application
  Rendered pages/index.html.erb within layouts/application (Duration: 0.0ms | Allocations: 4)
[Webpacker] Everything's up-to-date. Nothing to do
  Rendered layouts/_navbar.html.erb (Duration: 0.1ms | Allocations: 55)
Completed 200 OK in 33ms (Views: 32.3ms | ActiveRecord: 0.0ms | Allocations: 12920)


Started GET "/" for ::1 at 2020-05-22 18:53:28 +0200
Processing by PagesController#index as HTML
  Rendering pages/index.html.erb within layouts/application
  Rendered pages/index.html.erb within layouts/application (Duration: 0.0ms | Allocations: 4)
[Webpacker] Everything's up-to-date. Nothing to do
  Rendered layouts/_navbar.html.erb (Duration: 0.2ms | Allocations: 55)
Completed 200 OK in 22ms (Views: 21.6ms | ActiveRecord: 0.0ms | Allocations: 15152)


Started GET "/" for ::1 at 2020-05-22 18:53:29 +0200
Processing by PagesController#index as HTML
  Rendering pages/index.html.erb within layouts/application
  Rendered pages/index.html.erb within layouts/application (Duration: 0.0ms | Allocations: 4)
[Webpacker] Everything's up-to-date. Nothing to do
  Rendered layouts/_navbar.html.erb (Duration: 0.1ms | Allocations: 55)
Completed 200 OK in 7ms (Views: 6.5ms | ActiveRecord: 0.0ms | Allocations: 3974)


Started GET "/" for ::1 at 2020-05-22 18:53:29 +0200
Processing by PagesController#index as HTML
  Rendering pages/index.html.erb within layouts/application
  Rendered pages/index.html.erb within layouts/application (Duration: 0.0ms | Allocations: 4)
[Webpacker] Everything's up-to-date. Nothing to do
  Rendered layouts/_navbar.html.erb (Duration: 0.1ms | Allocations: 55)
Completed 200 OK in 5ms (Views: 4.1ms | ActiveRecord: 0.0ms | Allocations: 3984)


Started GET "/" for ::1 at 2020-05-22 18:53:30 +0200
Processing by PagesController#index as HTML
  Rendering pages/index.html.erb within layouts/application
  Rendered pages/index.html.erb within layouts/application (Duration: 0.0ms | Allocations: 4)
[Webpacker] Everything's up-to-date. Nothing to do
  Rendered layouts/_navbar.html.erb (Duration: 0.1ms | Allocations: 55)
Completed 200 OK in 5ms (Views: 4.3ms | ActiveRecord: 0.0ms | Allocations: 3984)


Started GET "/" for ::1 at 2020-05-22 18:55:11 +0200
Processing by PagesController#index as HTML
  Rendering pages/index.html.erb within layouts/application
  Rendered pages/index.html.erb within layouts/application (Duration: 0.3ms | Allocations: 74)
[Webpacker] Everything's up-to-date. Nothing to do
  Rendered layouts/_navbar.html.erb (Duration: 0.8ms | Allocations: 191)
Completed 200 OK in 8ms (Views: 7.2ms | ActiveRecord: 0.0ms | Allocations: 5254)


Started GET "/" for ::1 at 2020-05-22 20:39:28 +0200
  [1m[35m (0.1ms)[0m  [1m[34mSELECT sqlite_version(*)[0m
Processing by PagesController#index as HTML
  Rendering pages/index.html.erb within layouts/application
  Rendered pages/index.html.erb within layouts/application (Duration: 0.0ms | Allocations: 4)
[Webpacker] Everything's up-to-date. Nothing to do
  Rendered layouts/_navbar.html.erb (Duration: 0.2ms | Allocations: 71)
Completed 200 OK in 6ms (Views: 5.7ms | ActiveRecord: 0.0ms | Allocations: 3990)


Started GET "/" for ::1 at 2020-05-22 20:40:27 +0200
Processing by PagesController#index as HTML
  Rendering pages/index.html.erb within layouts/application
  Rendered pages/index.html.erb within layouts/application (Duration: 0.2ms | Allocations: 71)
[Webpacker] Everything's up-to-date. Nothing to do
  Rendered layouts/_navbar.html.erb (Duration: 0.7ms | Allocations: 171)
Completed 200 OK in 8ms (Views: 7.0ms | ActiveRecord: 0.0ms | Allocations: 5224)


Started GET "/" for ::1 at 2020-05-22 20:40:37 +0200
Processing by PagesController#index as HTML
  Rendering pages/index.html.erb within layouts/application
  Rendered pages/index.html.erb within layouts/application (Duration: 0.2ms | Allocations: 71)
[Webpacker] Everything's up-to-date. Nothing to do
  Rendered layouts/_navbar.html.erb (Duration: 0.7ms | Allocations: 170)
Completed 200 OK in 9ms (Views: 7.6ms | ActiveRecord: 0.0ms | Allocations: 5219)


Started GET "/" for ::1 at 2020-05-22 20:48:34 +0200
  [1m[35m (0.1ms)[0m  [1m[34mSELECT sqlite_version(*)[0m
Processing by PagesController#index as HTML
  Rendering pages/index.html.erb within layouts/application
  Rendered pages/index.html.erb within layouts/application (Duration: 0.2ms | Allocations: 71)
[Webpacker] Everything's up-to-date. Nothing to do
  Rendered layouts/_navbar.html.erb (Duration: 0.6ms | Allocations: 192)
Completed 200 OK in 26ms (Views: 25.2ms | ActiveRecord: 0.0ms | Allocations: 16887)


Started GET "/" for ::1 at 2020-05-22 20:48:36 +0200
Processing by PagesController#index as HTML
  Rendering pages/index.html.erb within layouts/application
  Rendered pages/index.html.erb within layouts/application (Duration: 0.0ms | Allocations: 4)
[Webpacker] Everything's up-to-date. Nothing to do
  Rendered layouts/_navbar.html.erb (Duration: 0.2ms | Allocations: 71)
Completed 200 OK in 13ms (Views: 12.1ms | ActiveRecord: 0.0ms | Allocations: 3996)


Started GET "/about" for ::1 at 2020-05-22 20:48:37 +0200
Processing by PagesController#about as HTML
  Rendering pages/about.html.erb within layouts/application
  Rendered pages/about.html.erb within layouts/application (Duration: 0.3ms | Allocations: 71)
[Webpacker] Everything's up-to-date. Nothing to do
  Rendered layouts/_navbar.html.erb (Duration: 0.8ms | Allocations: 77)
Completed 200 OK in 10ms (Views: 8.4ms | ActiveRecord: 0.0ms | Allocations: 4199)


Started GET "/" for ::1 at 2020-05-22 20:48:39 +0200
Processing by PagesController#index as HTML
  Rendering pages/index.html.erb within layouts/application
  Rendered pages/index.html.erb within layouts/application (Duration: 0.0ms | Allocations: 4)
[Webpacker] Everything's up-to-date. Nothing to do
  Rendered layouts/_navbar.html.erb (Duration: 0.1ms | Allocations: 71)
Completed 200 OK in 5ms (Views: 4.1ms | ActiveRecord: 0.0ms | Allocations: 3997)


Started GET "/" for ::1 at 2020-05-22 20:48:39 +0200
Processing by PagesController#index as HTML
  Rendering pages/index.html.erb within layouts/application
  Rendered pages/index.html.erb within layouts/application (Duration: 0.1ms | Allocations: 4)
[Webpacker] Everything's up-to-date. Nothing to do
  Rendered layouts/_navbar.html.erb (Duration: 0.1ms | Allocations: 71)
Completed 200 OK in 12ms (Views: 9.8ms | ActiveRecord: 0.0ms | Allocations: 3994)


Started GET "/" for ::1 at 2020-05-22 20:48:41 +0200
Processing by PagesController#index as HTML
  Rendering pages/index.html.erb within layouts/application
  Rendered pages/index.html.erb within layouts/application (Duration: 0.0ms | Allocations: 4)
[Webpacker] Everything's up-to-date. Nothing to do
  Rendered layouts/_navbar.html.erb (Duration: 0.1ms | Allocations: 71)
Completed 200 OK in 4ms (Views: 3.7ms | ActiveRecord: 0.0ms | Allocations: 4000)


Started GET "/" for ::1 at 2020-05-22 20:49:30 +0200
Processing by PagesController#index as HTML
  Rendering pages/index.html.erb within layouts/application
  Rendered pages/index.html.erb within layouts/application (Duration: 0.2ms | Allocations: 71)
[Webpacker] Everything's up-to-date. Nothing to do
  Rendered layouts/_navbar.html.erb (Duration: 0.4ms | Allocations: 191)
Completed 200 OK in 35ms (Views: 34.8ms | ActiveRecord: 0.0ms | Allocations: 17358)


Started GET "/" for ::1 at 2020-05-22 20:50:23 +0200
Processing by PagesController#index as HTML
  Rendering pages/index.html.erb within layouts/application
  Rendered pages/index.html.erb within layouts/application (Duration: 0.0ms | Allocations: 4)
[Webpacker] Everything's up-to-date. Nothing to do
  Rendered layouts/_navbar.html.erb (Duration: 0.1ms | Allocations: 71)
Completed 200 OK in 25ms (Views: 24.3ms | ActiveRecord: 0.0ms | Allocations: 16152)


Started GET "/about" for ::1 at 2020-05-22 20:50:25 +0200
Processing by PagesController#about as HTML
  Rendering pages/about.html.erb within layouts/application
  Rendered pages/about.html.erb within layouts/application (Duration: 0.3ms | Allocations: 76)
[Webpacker] Everything's up-to-date. Nothing to do
  Rendered layouts/_navbar.html.erb (Duration: 0.2ms | Allocations: 77)
Completed 200 OK in 6ms (Views: 4.8ms | ActiveRecord: 0.0ms | Allocations: 4213)


Started GET "/" for ::1 at 2020-05-22 20:50:26 +0200
Processing by PagesController#index as HTML
  Rendering pages/index.html.erb within layouts/application
  Rendered pages/index.html.erb within layouts/application (Duration: 0.0ms | Allocations: 4)
[Webpacker] Everything's up-to-date. Nothing to do
  Rendered layouts/_navbar.html.erb (Duration: 0.1ms | Allocations: 71)
Completed 200 OK in 7ms (Views: 5.7ms | ActiveRecord: 0.0ms | Allocations: 3999)


Started GET "/about" for ::1 at 2020-05-22 20:50:27 +0200
Processing by PagesController#about as HTML
  Rendering pages/about.html.erb within layouts/application
  Rendered pages/about.html.erb within layouts/application (Duration: 0.1ms | Allocations: 4)
[Webpacker] Everything's up-to-date. Nothing to do
  Rendered layouts/_navbar.html.erb (Duration: 0.1ms | Allocations: 71)
Completed 200 OK in 5ms (Views: 4.0ms | ActiveRecord: 0.0ms | Allocations: 4002)


Started GET "/" for ::1 at 2020-05-22 20:50:27 +0200
Processing by PagesController#index as HTML
  Rendering pages/index.html.erb within layouts/application
  Rendered pages/index.html.erb within layouts/application (Duration: 0.0ms | Allocations: 4)
[Webpacker] Everything's up-to-date. Nothing to do
  Rendered layouts/_navbar.html.erb (Duration: 0.1ms | Allocations: 71)
Completed 200 OK in 5ms (Views: 4.7ms | ActiveRecord: 0.0ms | Allocations: 3988)


Started GET "/" for ::1 at 2020-05-22 20:50:36 +0200
Processing by PagesController#index as HTML
  Rendering pages/index.html.erb within layouts/application
  Rendered pages/index.html.erb within layouts/application (Duration: 0.0ms | Allocations: 4)
[Webpacker] Everything's up-to-date. Nothing to do
  Rendered layouts/_navbar.html.erb (Duration: 0.2ms | Allocations: 71)
Completed 200 OK in 19ms (Views: 18.2ms | ActiveRecord: 0.0ms | Allocations: 16073)


Started GET "/" for ::1 at 2020-05-22 20:51:18 +0200
Processing by PagesController#index as HTML
  Rendering pages/index.html.erb within layouts/application
  Rendered pages/index.html.erb within layouts/application (Duration: 0.0ms | Allocations: 4)
[Webpacker] Everything's up-to-date. Nothing to do
  Rendered layouts/_navbar.html.erb (Duration: 0.1ms | Allocations: 71)
Completed 200 OK in 27ms (Views: 26.7ms | ActiveRecord: 0.0ms | Allocations: 16130)


Started GET "/about" for ::1 at 2020-05-22 20:51:20 +0200
Processing by PagesController#about as HTML
  Rendering pages/about.html.erb within layouts/application
  Rendered pages/about.html.erb within layouts/application (Duration: 0.0ms | Allocations: 4)
[Webpacker] Everything's up-to-date. Nothing to do
  Rendered layouts/_navbar.html.erb (Duration: 0.1ms | Allocations: 71)
Completed 200 OK in 5ms (Views: 4.2ms | ActiveRecord: 0.0ms | Allocations: 3999)


Started GET "/" for ::1 at 2020-05-22 20:51:21 +0200
Processing by PagesController#index as HTML
  Rendering pages/index.html.erb within layouts/application
  Rendered pages/index.html.erb within layouts/application (Duration: 0.0ms | Allocations: 4)
[Webpacker] Everything's up-to-date. Nothing to do
  Rendered layouts/_navbar.html.erb (Duration: 0.1ms | Allocations: 71)
Completed 200 OK in 5ms (Views: 4.1ms | ActiveRecord: 0.0ms | Allocations: 4002)


Started GET "/about" for ::1 at 2020-05-22 20:51:23 +0200
Processing by PagesController#about as HTML
  Rendering pages/about.html.erb within layouts/application
  Rendered pages/about.html.erb within layouts/application (Duration: 0.0ms | Allocations: 4)
[Webpacker] Everything's up-to-date. Nothing to do
  Rendered layouts/_navbar.html.erb (Duration: 0.3ms | Allocations: 71)
Completed 200 OK in 18ms (Views: 17.8ms | ActiveRecord: 0.0ms | Allocations: 3998)


Started GET "/" for ::1 at 2020-05-22 20:51:24 +0200
Processing by PagesController#index as HTML
  Rendering pages/index.html.erb within layouts/application
  Rendered pages/index.html.erb within layouts/application (Duration: 0.0ms | Allocations: 4)
[Webpacker] Everything's up-to-date. Nothing to do
  Rendered layouts/_navbar.html.erb (Duration: 0.1ms | Allocations: 71)
Completed 200 OK in 8ms (Views: 7.0ms | ActiveRecord: 0.0ms | Allocations: 3988)


Started GET "/" for ::1 at 2020-05-22 20:51:52 +0200
Processing by PagesController#index as HTML
  Rendering pages/index.html.erb within layouts/application
  Rendered pages/index.html.erb within layouts/application (Duration: 0.0ms | Allocations: 4)
[Webpacker] Everything's up-to-date. Nothing to do
  Rendered layouts/_navbar.html.erb (Duration: 0.1ms | Allocations: 71)
Completed 200 OK in 26ms (Views: 25.6ms | ActiveRecord: 0.0ms | Allocations: 15694)


Started GET "/about" for ::1 at 2020-05-22 20:51:57 +0200
Processing by PagesController#about as HTML
  Rendering pages/about.html.erb within layouts/application
  Rendered pages/about.html.erb within layouts/application (Duration: 0.0ms | Allocations: 4)
[Webpacker] Everything's up-to-date. Nothing to do
  Rendered layouts/_navbar.html.erb (Duration: 0.1ms | Allocations: 71)
Completed 200 OK in 6ms (Views: 4.7ms | ActiveRecord: 0.0ms | Allocations: 4012)


Started GET "/" for ::1 at 2020-05-22 20:51:58 +0200
Processing by PagesController#index as HTML
  Rendering pages/index.html.erb within layouts/application
  Rendered pages/index.html.erb within layouts/application (Duration: 0.0ms | Allocations: 4)
[Webpacker] Everything's up-to-date. Nothing to do
  Rendered layouts/_navbar.html.erb (Duration: 0.1ms | Allocations: 71)
Completed 200 OK in 6ms (Views: 5.8ms | ActiveRecord: 0.0ms | Allocations: 4006)


Started GET "/" for ::1 at 2020-05-22 20:52:00 +0200
Processing by PagesController#index as HTML
  Rendering pages/index.html.erb within layouts/application
  Rendered pages/index.html.erb within layouts/application (Duration: 0.0ms | Allocations: 4)
[Webpacker] Everything's up-to-date. Nothing to do
  Rendered layouts/_navbar.html.erb (Duration: 0.1ms | Allocations: 71)
Completed 200 OK in 5ms (Views: 4.7ms | ActiveRecord: 0.0ms | Allocations: 3998)


Started GET "/" for ::1 at 2020-05-22 20:52:51 +0200
Processing by PagesController#index as HTML
  Rendering pages/index.html.erb within layouts/application
  Rendered pages/index.html.erb within layouts/application (Duration: 0.0ms | Allocations: 4)
[Webpacker] Everything's up-to-date. Nothing to do
  Rendered layouts/_navbar.html.erb (Duration: 0.1ms | Allocations: 71)
Completed 200 OK in 5ms (Views: 4.6ms | ActiveRecord: 0.0ms | Allocations: 4045)


Started GET "/" for ::1 at 2020-05-22 20:53:02 +0200
Processing by PagesController#index as HTML
  Rendering pages/index.html.erb within layouts/application
  Rendered pages/index.html.erb within layouts/application (Duration: 0.0ms | Allocations: 4)
[Webpacker] Everything's up-to-date. Nothing to do
  Rendered layouts/_navbar.html.erb (Duration: 0.1ms | Allocations: 71)
Completed 200 OK in 31ms (Views: 30.4ms | ActiveRecord: 0.0ms | Allocations: 16585)


Started GET "/about" for ::1 at 2020-05-22 20:53:12 +0200
Processing by PagesController#about as HTML
  Rendering pages/about.html.erb within layouts/application
  Rendered pages/about.html.erb within layouts/application (Duration: 0.0ms | Allocations: 4)
[Webpacker] Everything's up-to-date. Nothing to do
  Rendered layouts/_navbar.html.erb (Duration: 0.1ms | Allocations: 71)
Completed 200 OK in 5ms (Views: 4.4ms | ActiveRecord: 0.0ms | Allocations: 3992)


Started GET "/" for ::1 at 2020-05-22 20:53:13 +0200
Processing by PagesController#index as HTML
  Rendering pages/index.html.erb within layouts/application
  Rendered pages/index.html.erb within layouts/application (Duration: 0.0ms | Allocations: 4)
[Webpacker] Everything's up-to-date. Nothing to do
  Rendered layouts/_navbar.html.erb (Duration: 0.9ms | Allocations: 71)
Completed 200 OK in 5ms (Views: 4.9ms | ActiveRecord: 0.0ms | Allocations: 3998)


Started GET "/about" for ::1 at 2020-05-22 20:53:15 +0200
Processing by PagesController#about as HTML
  Rendering pages/about.html.erb within layouts/application
  Rendered pages/about.html.erb within layouts/application (Duration: 0.0ms | Allocations: 4)
[Webpacker] Everything's up-to-date. Nothing to do
  Rendered layouts/_navbar.html.erb (Duration: 0.2ms | Allocations: 71)
Completed 200 OK in 11ms (Views: 10.1ms | ActiveRecord: 0.0ms | Allocations: 4010)


Started GET "/" for ::1 at 2020-05-22 20:53:16 +0200
Processing by PagesController#index as HTML
  Rendering pages/index.html.erb within layouts/application
  Rendered pages/index.html.erb within layouts/application (Duration: 0.0ms | Allocations: 4)
[Webpacker] Everything's up-to-date. Nothing to do
  Rendered layouts/_navbar.html.erb (Duration: 0.1ms | Allocations: 71)
Completed 200 OK in 5ms (Views: 4.5ms | ActiveRecord: 0.0ms | Allocations: 3992)


Started GET "/" for ::1 at 2020-05-22 20:53:24 +0200
Processing by PagesController#index as HTML
  Rendering pages/index.html.erb within layouts/application
  Rendered pages/index.html.erb within layouts/application (Duration: 0.0ms | Allocations: 4)
[Webpacker] Everything's up-to-date. Nothing to do
  Rendered layouts/_navbar.html.erb (Duration: 0.1ms | Allocations: 71)
Completed 200 OK in 8ms (Views: 7.2ms | ActiveRecord: 0.0ms | Allocations: 3994)


Started GET "/about" for ::1 at 2020-05-22 20:53:26 +0200
Processing by PagesController#about as HTML
  Rendering pages/about.html.erb within layouts/application
  Rendered pages/about.html.erb within layouts/application (Duration: 0.0ms | Allocations: 4)
[Webpacker] Everything's up-to-date. Nothing to do
  Rendered layouts/_navbar.html.erb (Duration: 0.2ms | Allocations: 71)
Completed 200 OK in 9ms (Views: 8.3ms | ActiveRecord: 0.0ms | Allocations: 3985)


Started GET "/" for ::1 at 2020-05-22 20:53:26 +0200
Processing by PagesController#index as HTML
  Rendering pages/index.html.erb within layouts/application
  Rendered pages/index.html.erb within layouts/application (Duration: 0.0ms | Allocations: 4)
[Webpacker] Everything's up-to-date. Nothing to do
  Rendered layouts/_navbar.html.erb (Duration: 0.1ms | Allocations: 71)
Completed 200 OK in 4ms (Views: 3.7ms | ActiveRecord: 0.0ms | Allocations: 3996)


Started GET "/about" for ::1 at 2020-05-22 20:53:28 +0200
Processing by PagesController#about as HTML
  Rendering pages/about.html.erb within layouts/application
  Rendered pages/about.html.erb within layouts/application (Duration: 0.0ms | Allocations: 4)
[Webpacker] Everything's up-to-date. Nothing to do
  Rendered layouts/_navbar.html.erb (Duration: 0.1ms | Allocations: 71)
Completed 200 OK in 8ms (Views: 7.5ms | ActiveRecord: 0.0ms | Allocations: 3997)


Started GET "/" for ::1 at 2020-05-22 20:53:29 +0200
Processing by PagesController#index as HTML
  Rendering pages/index.html.erb within layouts/application
  Rendered pages/index.html.erb within layouts/application (Duration: 0.0ms | Allocations: 4)
[Webpacker] Everything's up-to-date. Nothing to do
  Rendered layouts/_navbar.html.erb (Duration: 0.1ms | Allocations: 71)
Completed 200 OK in 10ms (Views: 9.0ms | ActiveRecord: 0.0ms | Allocations: 4010)


Started GET "/about" for ::1 at 2020-05-22 20:53:29 +0200
Processing by PagesController#about as HTML
  Rendering pages/about.html.erb within layouts/application
  Rendered pages/about.html.erb within layouts/application (Duration: 0.0ms | Allocations: 4)
[Webpacker] Everything's up-to-date. Nothing to do
  Rendered layouts/_navbar.html.erb (Duration: 0.2ms | Allocations: 71)
Completed 200 OK in 6ms (Views: 5.0ms | ActiveRecord: 0.0ms | Allocations: 3992)


Started GET "/" for ::1 at 2020-05-22 20:53:30 +0200
Processing by PagesController#index as HTML
  Rendering pages/index.html.erb within layouts/application
  Rendered pages/index.html.erb within layouts/application (Duration: 0.0ms | Allocations: 4)
[Webpacker] Everything's up-to-date. Nothing to do
  Rendered layouts/_navbar.html.erb (Duration: 0.2ms | Allocations: 71)
Completed 200 OK in 5ms (Views: 4.3ms | ActiveRecord: 0.0ms | Allocations: 3992)


Started GET "/" for ::1 at 2020-05-22 20:54:20 +0200
Processing by PagesController#index as HTML
  Rendering pages/index.html.erb within layouts/application
  Rendered pages/index.html.erb within layouts/application (Duration: 0.0ms | Allocations: 4)
[Webpacker] Everything's up-to-date. Nothing to do
  Rendered layouts/_navbar.html.erb (Duration: 0.1ms | Allocations: 71)
Completed 200 OK in 43ms (Views: 42.3ms | ActiveRecord: 0.0ms | Allocations: 15549)


Started GET "/about" for ::1 at 2020-05-22 20:54:29 +0200
Processing by PagesController#about as HTML
  Rendering pages/about.html.erb within layouts/application
  Rendered pages/about.html.erb within layouts/application (Duration: 0.0ms | Allocations: 4)
[Webpacker] Everything's up-to-date. Nothing to do
  Rendered layouts/_navbar.html.erb (Duration: 0.2ms | Allocations: 71)
Completed 200 OK in 7ms (Views: 6.0ms | ActiveRecord: 0.0ms | Allocations: 4053)


Started GET "/" for ::1 at 2020-05-22 20:54:30 +0200
Processing by PagesController#index as HTML
  Rendering pages/index.html.erb within layouts/application
  Rendered pages/index.html.erb within layouts/application (Duration: 0.0ms | Allocations: 4)
[Webpacker] Everything's up-to-date. Nothing to do
  Rendered layouts/_navbar.html.erb (Duration: 0.1ms | Allocations: 71)
Completed 200 OK in 7ms (Views: 6.3ms | ActiveRecord: 0.0ms | Allocations: 3994)


Started GET "/" for ::1 at 2020-05-22 20:54:54 +0200
Processing by PagesController#index as HTML
  Rendering pages/index.html.erb within layouts/application
  Rendered pages/index.html.erb within layouts/application (Duration: 0.0ms | Allocations: 4)
[Webpacker] Everything's up-to-date. Nothing to do
  Rendered layouts/_navbar.html.erb (Duration: 0.1ms | Allocations: 71)
Completed 200 OK in 22ms (Views: 21.3ms | ActiveRecord: 0.0ms | Allocations: 15935)


Started GET "/" for ::1 at 2020-05-22 20:54:55 +0200
Processing by PagesController#index as HTML
  Rendering pages/index.html.erb within layouts/application
  Rendered pages/index.html.erb within layouts/application (Duration: 0.0ms | Allocations: 4)
[Webpacker] Everything's up-to-date. Nothing to do
  Rendered layouts/_navbar.html.erb (Duration: 0.1ms | Allocations: 71)
Completed 200 OK in 5ms (Views: 4.2ms | ActiveRecord: 0.0ms | Allocations: 4038)


Started GET "/" for ::1 at 2020-05-22 20:54:56 +0200
Processing by PagesController#index as HTML
  Rendering pages/index.html.erb within layouts/application
  Rendered pages/index.html.erb within layouts/application (Duration: 0.0ms | Allocations: 4)
[Webpacker] Everything's up-to-date. Nothing to do
  Rendered layouts/_navbar.html.erb (Duration: 0.2ms | Allocations: 71)
Completed 200 OK in 5ms (Views: 4.0ms | ActiveRecord: 0.0ms | Allocations: 3986)


Started GET "/" for ::1 at 2020-05-22 20:55:17 +0200
  [1m[35m (0.3ms)[0m  [1m[34mSELECT sqlite_version(*)[0m
Processing by PagesController#index as HTML
  Rendering pages/index.html.erb within layouts/application
  Rendered pages/index.html.erb within layouts/application (Duration: 0.4ms | Allocations: 184)
[Webpacker] Everything's up-to-date. Nothing to do
  Rendered layouts/_navbar.html.erb (Duration: 0.4ms | Allocations: 214)
Completed 200 OK in 30ms (Views: 25.5ms | ActiveRecord: 0.0ms | Allocations: 12574)


Started GET "/about" for ::1 at 2020-05-22 20:55:21 +0200
Processing by PagesController#about as HTML
  Rendering pages/about.html.erb within layouts/application
  Rendered pages/about.html.erb within layouts/application (Duration: 0.2ms | Allocations: 74)
[Webpacker] Everything's up-to-date. Nothing to do
  Rendered layouts/_navbar.html.erb (Duration: 0.1ms | Allocations: 77)
Completed 200 OK in 7ms (Views: 6.2ms | ActiveRecord: 0.0ms | Allocations: 4222)


Started GET "/" for ::1 at 2020-05-22 20:55:22 +0200
Processing by PagesController#index as HTML
  Rendering pages/index.html.erb within layouts/application
  Rendered pages/index.html.erb within layouts/application (Duration: 0.0ms | Allocations: 5)
[Webpacker] Everything's up-to-date. Nothing to do
  Rendered layouts/_navbar.html.erb (Duration: 0.1ms | Allocations: 71)
Completed 200 OK in 16ms (Views: 15.4ms | ActiveRecord: 0.0ms | Allocations: 4004)


Started GET "/about" for ::1 at 2020-05-22 20:55:29 +0200
Processing by PagesController#about as HTML
  Rendering pages/about.html.erb within layouts/application
  Rendered pages/about.html.erb within layouts/application (Duration: 0.0ms | Allocations: 5)
[Webpacker] Everything's up-to-date. Nothing to do
  Rendered layouts/_navbar.html.erb (Duration: 0.2ms | Allocations: 71)
Completed 200 OK in 8ms (Views: 7.3ms | ActiveRecord: 0.0ms | Allocations: 4003)


Started GET "/" for ::1 at 2020-05-22 20:55:29 +0200
Processing by PagesController#index as HTML
  Rendering pages/index.html.erb within layouts/application
  Rendered pages/index.html.erb within layouts/application (Duration: 0.0ms | Allocations: 4)
[Webpacker] Everything's up-to-date. Nothing to do
  Rendered layouts/_navbar.html.erb (Duration: 0.2ms | Allocations: 71)
Completed 200 OK in 12ms (Views: 11.2ms | ActiveRecord: 0.0ms | Allocations: 4005)


Started GET "/" for ::1 at 2020-05-22 20:56:59 +0200
Processing by PagesController#index as HTML
  Rendering pages/index.html.erb within layouts/application
  Rendered pages/index.html.erb within layouts/application (Duration: 0.0ms | Allocations: 4)
[Webpacker] Everything's up-to-date. Nothing to do
  Rendered layouts/_navbar.html.erb (Duration: 0.1ms | Allocations: 71)
Completed 200 OK in 44ms (Views: 43.4ms | ActiveRecord: 0.0ms | Allocations: 17585)


Started GET "/about" for ::1 at 2020-05-22 20:57:03 +0200
Processing by PagesController#about as HTML
  Rendering pages/about.html.erb within layouts/application
  Rendered pages/about.html.erb within layouts/application (Duration: 0.0ms | Allocations: 4)
[Webpacker] Everything's up-to-date. Nothing to do
  Rendered layouts/_navbar.html.erb (Duration: 0.1ms | Allocations: 71)
Completed 200 OK in 6ms (Views: 5.9ms | ActiveRecord: 0.0ms | Allocations: 3999)


Started GET "/" for ::1 at 2020-05-22 20:57:04 +0200
Processing by PagesController#index as HTML
  Rendering pages/index.html.erb within layouts/application
  Rendered pages/index.html.erb within layouts/application (Duration: 0.0ms | Allocations: 4)
[Webpacker] Everything's up-to-date. Nothing to do
  Rendered layouts/_navbar.html.erb (Duration: 0.2ms | Allocations: 71)
Completed 200 OK in 4ms (Views: 3.9ms | ActiveRecord: 0.0ms | Allocations: 4002)


Started GET "/" for ::1 at 2020-05-22 20:57:05 +0200
Processing by PagesController#index as HTML
  Rendering pages/index.html.erb within layouts/application
  Rendered pages/index.html.erb within layouts/application (Duration: 0.0ms | Allocations: 4)
[Webpacker] Everything's up-to-date. Nothing to do
  Rendered layouts/_navbar.html.erb (Duration: 0.1ms | Allocations: 71)
Completed 200 OK in 8ms (Views: 7.6ms | ActiveRecord: 0.0ms | Allocations: 3995)


Started GET "/" for ::1 at 2020-05-22 20:57:58 +0200
Processing by PagesController#index as HTML
  Rendering pages/index.html.erb within layouts/application
  Rendered pages/index.html.erb within layouts/application (Duration: 0.0ms | Allocations: 4)
[Webpacker] Everything's up-to-date. Nothing to do
  Rendered layouts/_navbar.html.erb (Duration: 0.2ms | Allocations: 71)
Completed 200 OK in 22ms (Views: 21.1ms | ActiveRecord: 0.0ms | Allocations: 15679)


Started GET "/about" for ::1 at 2020-05-22 20:58:02 +0200
Processing by PagesController#about as HTML
  Rendering pages/about.html.erb within layouts/application
  Rendered pages/about.html.erb within layouts/application (Duration: 0.0ms | Allocations: 4)
[Webpacker] Everything's up-to-date. Nothing to do
  Rendered layouts/_navbar.html.erb (Duration: 0.2ms | Allocations: 71)
Completed 200 OK in 8ms (Views: 7.2ms | ActiveRecord: 0.0ms | Allocations: 3991)


Started GET "/" for ::1 at 2020-05-22 20:58:04 +0200
Processing by PagesController#index as HTML
  Rendering pages/index.html.erb within layouts/application
  Rendered pages/index.html.erb within layouts/application (Duration: 0.0ms | Allocations: 4)
[Webpacker] Everything's up-to-date. Nothing to do
  Rendered layouts/_navbar.html.erb (Duration: 0.1ms | Allocations: 71)
Completed 200 OK in 7ms (Views: 6.5ms | ActiveRecord: 0.0ms | Allocations: 3992)


Started GET "/about" for ::1 at 2020-05-22 20:58:08 +0200
Processing by PagesController#about as HTML
  Rendering pages/about.html.erb within layouts/application
  Rendered pages/about.html.erb within layouts/application (Duration: 0.0ms | Allocations: 4)
[Webpacker] Everything's up-to-date. Nothing to do
  Rendered layouts/_navbar.html.erb (Duration: 0.1ms | Allocations: 71)
Completed 200 OK in 8ms (Views: 7.0ms | ActiveRecord: 0.0ms | Allocations: 3985)


Started GET "/" for ::1 at 2020-05-22 20:58:08 +0200
Processing by PagesController#index as HTML
  Rendering pages/index.html.erb within layouts/application
  Rendered pages/index.html.erb within layouts/application (Duration: 0.0ms | Allocations: 5)
[Webpacker] Everything's up-to-date. Nothing to do
  Rendered layouts/_navbar.html.erb (Duration: 0.1ms | Allocations: 71)
Completed 200 OK in 6ms (Views: 5.4ms | ActiveRecord: 0.0ms | Allocations: 4002)


Started GET "/" for ::1 at 2020-05-22 20:59:01 +0200
Processing by PagesController#index as HTML
  Rendering pages/index.html.erb within layouts/application
  Rendered pages/index.html.erb within layouts/application (Duration: 0.2ms | Allocations: 76)
[Webpacker] Everything's up-to-date. Nothing to do
  Rendered layouts/_navbar.html.erb (Duration: 0.5ms | Allocations: 237)
Completed 200 OK in 12ms (Views: 11.6ms | ActiveRecord: 0.0ms | Allocations: 5302)


Started GET "/" for ::1 at 2020-05-22 20:59:06 +0200
Processing by PagesController#index as HTML
  Rendering pages/index.html.erb within layouts/application
  Rendered pages/index.html.erb within layouts/application (Duration: 0.0ms | Allocations: 4)
[Webpacker] Everything's up-to-date. Nothing to do
  Rendered layouts/_navbar.html.erb (Duration: 0.2ms | Allocations: 98)
Completed 200 OK in 5ms (Views: 4.2ms | ActiveRecord: 0.0ms | Allocations: 4028)


Started GET "/" for ::1 at 2020-05-22 20:59:07 +0200
Processing by PagesController#index as HTML
  Rendering pages/index.html.erb within layouts/application
  Rendered pages/index.html.erb within layouts/application (Duration: 0.0ms | Allocations: 4)
[Webpacker] Everything's up-to-date. Nothing to do
  Rendered layouts/_navbar.html.erb (Duration: 0.2ms | Allocations: 98)
Completed 200 OK in 5ms (Views: 4.7ms | ActiveRecord: 0.0ms | Allocations: 4018)


Started GET "/about" for ::1 at 2020-05-22 20:59:08 +0200
Processing by PagesController#about as HTML
  Rendering pages/about.html.erb within layouts/application
  Rendered pages/about.html.erb within layouts/application (Duration: 0.2ms | Allocations: 71)
[Webpacker] Everything's up-to-date. Nothing to do
  Rendered layouts/_navbar.html.erb (Duration: 0.2ms | Allocations: 104)
Completed 200 OK in 5ms (Views: 4.4ms | ActiveRecord: 0.0ms | Allocations: 4234)


Started GET "/" for ::1 at 2020-05-22 20:59:08 +0200
Processing by PagesController#index as HTML
  Rendering pages/index.html.erb within layouts/application
  Rendered pages/index.html.erb within layouts/application (Duration: 0.0ms | Allocations: 4)
[Webpacker] Everything's up-to-date. Nothing to do
  Rendered layouts/_navbar.html.erb (Duration: 2.5ms | Allocations: 98)
Completed 200 OK in 7ms (Views: 6.8ms | ActiveRecord: 0.0ms | Allocations: 4027)


Started GET "/about" for ::1 at 2020-05-22 20:59:09 +0200
Processing by PagesController#about as HTML
  Rendering pages/about.html.erb within layouts/application
  Rendered pages/about.html.erb within layouts/application (Duration: 0.0ms | Allocations: 4)
[Webpacker] Everything's up-to-date. Nothing to do
  Rendered layouts/_navbar.html.erb (Duration: 0.2ms | Allocations: 98)
Completed 200 OK in 11ms (Views: 10.6ms | ActiveRecord: 0.0ms | Allocations: 4018)


Started GET "/" for ::1 at 2020-05-22 20:59:09 +0200
Processing by PagesController#index as HTML
  Rendering pages/index.html.erb within layouts/application
  Rendered pages/index.html.erb within layouts/application (Duration: 0.1ms | Allocations: 4)
[Webpacker] Everything's up-to-date. Nothing to do
  Rendered layouts/_navbar.html.erb (Duration: 0.2ms | Allocations: 98)
Completed 200 OK in 13ms (Views: 12.1ms | ActiveRecord: 0.0ms | Allocations: 4032)


Started GET "/" for ::1 at 2020-05-22 20:59:10 +0200
Processing by PagesController#index as HTML
  Rendering pages/index.html.erb within layouts/application
  Rendered pages/index.html.erb within layouts/application (Duration: 0.0ms | Allocations: 4)
[Webpacker] Everything's up-to-date. Nothing to do
  Rendered layouts/_navbar.html.erb (Duration: 0.2ms | Allocations: 98)
Completed 200 OK in 5ms (Views: 4.1ms | ActiveRecord: 0.0ms | Allocations: 4020)


Started GET "/about" for ::1 at 2020-05-22 20:59:11 +0200
Processing by PagesController#about as HTML
  Rendering pages/about.html.erb within layouts/application
  Rendered pages/about.html.erb within layouts/application (Duration: 0.0ms | Allocations: 4)
[Webpacker] Everything's up-to-date. Nothing to do
  Rendered layouts/_navbar.html.erb (Duration: 0.1ms | Allocations: 98)
Completed 200 OK in 4ms (Views: 3.7ms | ActiveRecord: 0.0ms | Allocations: 4027)


Started GET "/" for ::1 at 2020-05-22 20:59:11 +0200
Processing by PagesController#index as HTML
  Rendering pages/index.html.erb within layouts/application
  Rendered pages/index.html.erb within layouts/application (Duration: 0.0ms | Allocations: 4)
[Webpacker] Everything's up-to-date. Nothing to do
  Rendered layouts/_navbar.html.erb (Duration: 0.2ms | Allocations: 98)
Completed 200 OK in 5ms (Views: 4.2ms | ActiveRecord: 0.0ms | Allocations: 4032)


Started GET "/about" for ::1 at 2020-05-22 20:59:12 +0200
Processing by PagesController#about as HTML
  Rendering pages/about.html.erb within layouts/application
  Rendered pages/about.html.erb within layouts/application (Duration: 0.0ms | Allocations: 4)
[Webpacker] Everything's up-to-date. Nothing to do
  Rendered layouts/_navbar.html.erb (Duration: 0.1ms | Allocations: 98)
Completed 200 OK in 4ms (Views: 3.9ms | ActiveRecord: 0.0ms | Allocations: 4026)


Started GET "/" for ::1 at 2020-05-22 20:59:12 +0200
Processing by PagesController#index as HTML
  Rendering pages/index.html.erb within layouts/application
  Rendered pages/index.html.erb within layouts/application (Duration: 0.0ms | Allocations: 4)
[Webpacker] Everything's up-to-date. Nothing to do
  Rendered layouts/_navbar.html.erb (Duration: 0.2ms | Allocations: 98)
Completed 200 OK in 13ms (Views: 12.3ms | ActiveRecord: 0.0ms | Allocations: 4026)


Started GET "/" for ::1 at 2020-05-22 20:59:13 +0200
Processing by PagesController#index as HTML
  Rendering pages/index.html.erb within layouts/application
  Rendered pages/index.html.erb within layouts/application (Duration: 0.0ms | Allocations: 4)
[Webpacker] Everything's up-to-date. Nothing to do
  Rendered layouts/_navbar.html.erb (Duration: 0.2ms | Allocations: 98)
Completed 200 OK in 5ms (Views: 4.2ms | ActiveRecord: 0.0ms | Allocations: 4034)


Started GET "/about" for ::1 at 2020-05-22 20:59:13 +0200
Processing by PagesController#about as HTML
  Rendering pages/about.html.erb within layouts/application
  Rendered pages/about.html.erb within layouts/application (Duration: 0.0ms | Allocations: 4)
[Webpacker] Everything's up-to-date. Nothing to do
  Rendered layouts/_navbar.html.erb (Duration: 0.2ms | Allocations: 98)
Completed 200 OK in 13ms (Views: 12.5ms | ActiveRecord: 0.0ms | Allocations: 4020)


Started GET "/about" for ::1 at 2020-05-22 20:59:42 +0200
Processing by PagesController#about as HTML
  Rendering pages/about.html.erb within layouts/application
  Rendered pages/about.html.erb within layouts/application (Duration: 0.0ms | Allocations: 4)
[Webpacker] Everything's up-to-date. Nothing to do
  Rendered layouts/_navbar.html.erb (Duration: 0.2ms | Allocations: 98)
Completed 200 OK in 4ms (Views: 3.8ms | ActiveRecord: 0.0ms | Allocations: 4026)


Started GET "/about" for ::1 at 2020-05-22 21:00:08 +0200
Processing by PagesController#about as HTML
  Rendering pages/about.html.erb within layouts/application
  Rendered pages/about.html.erb within layouts/application (Duration: 0.0ms | Allocations: 4)
[Webpacker] Everything's up-to-date. Nothing to do
  Rendered layouts/_navbar.html.erb (Duration: 0.1ms | Allocations: 98)
Completed 200 OK in 35ms (Views: 34.7ms | ActiveRecord: 0.0ms | Allocations: 15717)


Started GET "/" for ::1 at 2020-05-22 21:00:23 +0200
Processing by PagesController#index as HTML
  Rendering pages/index.html.erb within layouts/application
  Rendered pages/index.html.erb within layouts/application (Duration: 0.0ms | Allocations: 4)
[Webpacker] Everything's up-to-date. Nothing to do
  Rendered layouts/_navbar.html.erb (Duration: 0.2ms | Allocations: 98)
Completed 200 OK in 5ms (Views: 4.2ms | ActiveRecord: 0.0ms | Allocations: 4027)


Started GET "/" for ::1 at 2020-05-22 21:00:23 +0200
Processing by PagesController#index as HTML
  Rendering pages/index.html.erb within layouts/application
  Rendered pages/index.html.erb within layouts/application (Duration: 0.0ms | Allocations: 4)
[Webpacker] Everything's up-to-date. Nothing to do
  Rendered layouts/_navbar.html.erb (Duration: 0.2ms | Allocations: 98)
Completed 200 OK in 9ms (Views: 8.3ms | ActiveRecord: 0.0ms | Allocations: 4014)


Started GET "/about" for ::1 at 2020-05-22 21:00:24 +0200
Processing by PagesController#about as HTML
  Rendering pages/about.html.erb within layouts/application
  Rendered pages/about.html.erb within layouts/application (Duration: 0.0ms | Allocations: 4)
[Webpacker] Everything's up-to-date. Nothing to do
  Rendered layouts/_navbar.html.erb (Duration: 0.1ms | Allocations: 98)
Completed 200 OK in 4ms (Views: 3.8ms | ActiveRecord: 0.0ms | Allocations: 4024)


Started GET "/" for ::1 at 2020-05-22 21:00:24 +0200
Processing by PagesController#index as HTML
  Rendering pages/index.html.erb within layouts/application
  Rendered pages/index.html.erb within layouts/application (Duration: 0.0ms | Allocations: 4)
[Webpacker] Everything's up-to-date. Nothing to do
  Rendered layouts/_navbar.html.erb (Duration: 0.2ms | Allocations: 98)
Completed 200 OK in 5ms (Views: 4.8ms | ActiveRecord: 0.0ms | Allocations: 4014)


Started GET "/" for ::1 at 2020-05-22 21:00:24 +0200
Processing by PagesController#index as HTML
  Rendering pages/index.html.erb within layouts/application
  Rendered pages/index.html.erb within layouts/application (Duration: 0.0ms | Allocations: 4)
[Webpacker] Everything's up-to-date. Nothing to do
  Rendered layouts/_navbar.html.erb (Duration: 0.1ms | Allocations: 98)
Completed 200 OK in 7ms (Views: 6.3ms | ActiveRecord: 0.0ms | Allocations: 4016)


Started GET "/about" for ::1 at 2020-05-22 21:02:42 +0200
Processing by PagesController#about as HTML
  Rendering pages/about.html.erb within layouts/application
  Rendered pages/about.html.erb within layouts/application (Duration: 0.2ms | Allocations: 76)
[Webpacker] Everything's up-to-date. Nothing to do
  Rendered layouts/_navbar.html.erb (Duration: 0.4ms | Allocations: 239)
Completed 200 OK in 42ms (Views: 41.7ms | ActiveRecord: 0.0ms | Allocations: 18771)


Started GET "/about" for ::1 at 2020-05-22 21:02:42 +0200
Processing by PagesController#about as HTML
  Rendering pages/about.html.erb within layouts/application
  Rendered pages/about.html.erb within layouts/application (Duration: 0.0ms | Allocations: 4)
[Webpacker] Everything's up-to-date. Nothing to do
  Rendered layouts/_navbar.html.erb (Duration: 0.3ms | Allocations: 98)
Completed 200 OK in 13ms (Views: 12.2ms | ActiveRecord: 0.0ms | Allocations: 4127)


Started GET "/" for ::1 at 2020-05-22 21:02:43 +0200
Processing by PagesController#index as HTML
  Rendering pages/index.html.erb within layouts/application
  Rendered pages/index.html.erb within layouts/application (Duration: 0.3ms | Allocations: 71)
[Webpacker] Everything's up-to-date. Nothing to do
  Rendered layouts/_navbar.html.erb (Duration: 0.2ms | Allocations: 104)
Completed 200 OK in 8ms (Views: 6.8ms | ActiveRecord: 0.0ms | Allocations: 4286)


Started GET "/about" for ::1 at 2020-05-22 21:02:44 +0200
Processing by PagesController#about as HTML
  Rendering pages/about.html.erb within layouts/application
  Rendered pages/about.html.erb within layouts/application (Duration: 0.0ms | Allocations: 4)
[Webpacker] Everything's up-to-date. Nothing to do
  Rendered layouts/_navbar.html.erb (Duration: 0.2ms | Allocations: 98)
Completed 200 OK in 5ms (Views: 4.7ms | ActiveRecord: 0.0ms | Allocations: 4068)


Started GET "/" for ::1 at 2020-05-22 21:02:45 +0200
Processing by PagesController#index as HTML
  Rendering pages/index.html.erb within layouts/application
  Rendered pages/index.html.erb within layouts/application (Duration: 0.0ms | Allocations: 4)
[Webpacker] Everything's up-to-date. Nothing to do
  Rendered layouts/_navbar.html.erb (Duration: 0.1ms | Allocations: 98)
Completed 200 OK in 6ms (Views: 5.2ms | ActiveRecord: 0.0ms | Allocations: 4063)


Started GET "/" for ::1 at 2020-05-22 21:02:45 +0200
Processing by PagesController#index as HTML
  Rendering pages/index.html.erb within layouts/application
  Rendered pages/index.html.erb within layouts/application (Duration: 0.0ms | Allocations: 4)
[Webpacker] Everything's up-to-date. Nothing to do
  Rendered layouts/_navbar.html.erb (Duration: 0.2ms | Allocations: 98)
Completed 200 OK in 4ms (Views: 3.9ms | ActiveRecord: 0.0ms | Allocations: 4073)


Started GET "/about" for ::1 at 2020-05-22 21:02:46 +0200
Processing by PagesController#about as HTML
  Rendering pages/about.html.erb within layouts/application
  Rendered pages/about.html.erb within layouts/application (Duration: 0.0ms | Allocations: 4)
[Webpacker] Everything's up-to-date. Nothing to do
  Rendered layouts/_navbar.html.erb (Duration: 0.2ms | Allocations: 98)
Completed 200 OK in 6ms (Views: 5.1ms | ActiveRecord: 0.0ms | Allocations: 4071)


Started GET "/" for ::1 at 2020-05-22 21:02:47 +0200
Processing by PagesController#index as HTML
  Rendering pages/index.html.erb within layouts/application
  Rendered pages/index.html.erb within layouts/application (Duration: 0.0ms | Allocations: 4)
[Webpacker] Everything's up-to-date. Nothing to do
  Rendered layouts/_navbar.html.erb (Duration: 0.2ms | Allocations: 98)
Completed 200 OK in 7ms (Views: 6.0ms | ActiveRecord: 0.0ms | Allocations: 4073)


Started GET "/" for ::1 at 2020-05-22 21:03:02 +0200
Processing by PagesController#index as HTML
  Rendering pages/index.html.erb within layouts/application
  Rendered pages/index.html.erb within layouts/application (Duration: 0.0ms | Allocations: 4)
[Webpacker] Everything's up-to-date. Nothing to do
  Rendered layouts/_navbar.html.erb (Duration: 0.2ms | Allocations: 98)
Completed 200 OK in 23ms (Views: 22.9ms | ActiveRecord: 0.0ms | Allocations: 16983)


Started GET "/about" for ::1 at 2020-05-22 21:03:14 +0200
Processing by PagesController#about as HTML
  Rendering pages/about.html.erb within layouts/application
  Rendered pages/about.html.erb within layouts/application (Duration: 0.0ms | Allocations: 4)
[Webpacker] Everything's up-to-date. Nothing to do
  Rendered layouts/_navbar.html.erb (Duration: 0.2ms | Allocations: 98)
Completed 200 OK in 5ms (Views: 4.1ms | ActiveRecord: 0.0ms | Allocations: 4107)


Started GET "/" for ::1 at 2020-05-22 21:03:16 +0200
Processing by PagesController#index as HTML
  Rendering pages/index.html.erb within layouts/application
  Rendered pages/index.html.erb within layouts/application (Duration: 0.0ms | Allocations: 4)
[Webpacker] Everything's up-to-date. Nothing to do
  Rendered layouts/_navbar.html.erb (Duration: 0.1ms | Allocations: 98)
Completed 200 OK in 4ms (Views: 3.7ms | ActiveRecord: 0.0ms | Allocations: 4074)


Started GET "/about" for ::1 at 2020-05-22 21:03:16 +0200
Processing by PagesController#about as HTML
  Rendering pages/about.html.erb within layouts/application
  Rendered pages/about.html.erb within layouts/application (Duration: 0.0ms | Allocations: 4)
[Webpacker] Everything's up-to-date. Nothing to do
  Rendered layouts/_navbar.html.erb (Duration: 0.1ms | Allocations: 98)
Completed 200 OK in 5ms (Views: 4.5ms | ActiveRecord: 0.0ms | Allocations: 4075)


Started GET "/" for ::1 at 2020-05-22 21:03:17 +0200
Processing by PagesController#index as HTML
  Rendering pages/index.html.erb within layouts/application
  Rendered pages/index.html.erb within layouts/application (Duration: 0.0ms | Allocations: 4)
[Webpacker] Everything's up-to-date. Nothing to do
  Rendered layouts/_navbar.html.erb (Duration: 0.2ms | Allocations: 98)
Completed 200 OK in 8ms (Views: 6.8ms | ActiveRecord: 0.0ms | Allocations: 4073)


